03:37:54 [INFO] Starting Hiisi Game
03:37:54 [INFO] Loading plugin: CorePlugin
03:37:54 [INFO] Loading plugin: WindowPlugin
03:37:55 [DEBUG] (main) hiisi::platform::window: Setting up: WindowSystem
03:37:55 [DEBUG] (main) hiisi::platform::events: Setting up: PlatformEventSystem
03:37:55 [TRACE] (main) hiisi::platform::systems: [hiisi/src/platform/systems.rs:60] Top of loop
03:37:55 [TRACE] hiisi_game::systems: [hiisi_game/src/systems.rs:20] Running FollowMouse
03:37:55 [TRACE] hiisi_game::systems: [hiisi_game/src/systems.rs:37] Running Repelled
03:37:55 [TRACE] hiisi::game::systems: [hiisi/src/game/systems.rs:17] Running UpdatePosition
03:37:55 [TRACE] (main) hiisi::platform::systems: [hiisi/src/platform/systems.rs:40] 0.14049667
03:37:55 [TRACE] (main) hiisi::platform::window: [hiisi/src/platform/window.rs:24] Running WindowSystem
03:37:55 [TRACE] (main) hiisi::platform::events: [hiisi/src/platform/events.rs:30] Running PlatformEventSystem
03:37:55 [TRACE] (main) hiisi::renderer::systems: [hiisi/src/renderer/systems.rs:74] Running SpriteSystem
03:37:55 [TRACE] (main) hiisi::renderer::systems: [hiisi/src/renderer/systems.rs:33] Running RenderSystem
03:37:55 [TRACE] (main) hiisi::platform::systems: [hiisi/src/platform/systems.rs:67] Bottom of loop
03:37:55 [TRACE] (main) hiisi::platform::systems: [hiisi/src/platform/systems.rs:60] Top of loop
03:37:55 [TRACE] hiisi_game::systems: [hiisi_game/src/systems.rs:20] Running FollowMouse
03:37:55 [TRACE] hiisi_game::systems: [hiisi_game/src/systems.rs:37] Running Repelled
03:37:55 [TRACE] hiisi::game::systems: [hiisi/src/game/systems.rs:17] Running UpdatePosition
03:37:55 [TRACE] (main) hiisi::platform::systems: [hiisi/src/platform/systems.rs:40] 0.029505474
03:37:55 [TRACE] (main) hiisi::platform::window: [hiisi/src/platform/window.rs:24] Running WindowSystem
03:37:55 [TRACE] (main) hiisi::platform::events: [hiisi/src/platform/events.rs:30] Running PlatformEventSystem
03:37:55 [TRACE] (main) hiisi::renderer::systems: [hiisi/src/renderer/systems.rs:74] Running SpriteSystem
03:37:55 [TRACE] (main) hiisi::renderer::systems: [hiisi/src/renderer/systems.rs:33] Running RenderSystem
03:37:55 [TRACE] (main) hiisi::platform::systems: [hiisi/src/platform/systems.rs:67] Bottom of loop
03:37:55 [TRACE] (main) hiisi::platform::systems: [hiisi/src/platform/systems.rs:60] Top of loop
03:37:55 [TRACE] hiisi_game::systems: [hiisi_game/src/systems.rs:20] Running FollowMouse
03:37:55 [TRACE] hiisi_game::systems: [hiisi_game/src/systems.rs:37] Running Repelled
03:37:55 [TRACE] hiisi::game::systems: [hiisi/src/game/systems.rs:17] Running UpdatePosition
03:37:55 [TRACE] (main) hiisi::platform::systems: [hiisi/src/platform/systems.rs:40] 0.02265578
03:37:55 [TRACE] (main) hiisi::platform::window: [hiisi/src/platform/window.rs:24] Running WindowSystem
03:37:55 [TRACE] (main) hiisi::platform::events: [hiisi/src/platform/events.rs:30] Running PlatformEventSystem
03:37:55 [TRACE] (main) hiisi::renderer::systems: [hiisi/src/renderer/systems.rs:74] Running SpriteSystem
03:37:55 [TRACE] (main) hiisi::renderer::systems: [hiisi/src/renderer/systems.rs:33] Running RenderSystem
03:37:55 [TRACE] (main) hiisi::platform::systems: [hiisi/src/platform/systems.rs:67] Bottom of loop
03:37:55 [TRACE] (main) hiisi::platform::systems: [hiisi/src/platform/systems.rs:60] Top of loop
03:37:55 [TRACE] hiisi_game::systems: [hiisi_game/src/systems.rs:20] Running FollowMouse
03:37:55 [TRACE] hiisi_game::systems: [hiisi_game/src/systems.rs:37] Running Repelled
03:37:55 [TRACE] hiisi::game::systems: [hiisi/src/game/systems.rs:17] Running UpdatePosition
03:37:55 [TRACE] (main) hiisi::platform::systems: [hiisi/src/platform/systems.rs:40] 0.017451726
03:37:55 [TRACE] (main) hiisi::platform::window: [hiisi/src/platform/window.rs:24] Running WindowSystem
03:37:55 [TRACE] (main) hiisi::platform::events: [hiisi/src/platform/events.rs:30] Running PlatformEventSystem
03:37:55 [TRACE] (main) hiisi::renderer::systems: [hiisi/src/renderer/systems.rs:74] Running SpriteSystem
03:37:55 [TRACE] (main) hiisi::renderer::systems: [hiisi/src/renderer/systems.rs:33] Running RenderSystem
03:37:55 [TRACE] (main) hiisi::platform::systems: [hiisi/src/platform/systems.rs:67] Bottom of loop
03:37:55 [TRACE] (main) hiisi::platform::systems: [hiisi/src/platform/systems.rs:60] Top of loop
03:37:55 [TRACE] hiisi_game::systems: [hiisi_game/src/systems.rs:20] Running FollowMouse
03:37:55 [TRACE] hiisi_game::systems: [hiisi_game/src/systems.rs:37] Running Repelled
03:37:55 [TRACE] hiisi::game::systems: [hiisi/src/game/systems.rs:17] Running UpdatePosition
03:37:55 [TRACE] (main) hiisi::platform::systems: [hiisi/src/platform/systems.rs:40] 0.019671869
03:37:55 [TRACE] (main) hiisi::platform::window: [hiisi/src/platform/window.rs:24] Running WindowSystem
03:37:55 [TRACE] (main) hiisi::platform::events: [hiisi/src/platform/events.rs:30] Running PlatformEventSystem
03:37:55 [TRACE] (main) hiisi::renderer::systems: [hiisi/src/renderer/systems.rs:74] Running SpriteSystem
03:37:55 [TRACE] (main) hiisi::renderer::systems: [hiisi/src/renderer/systems.rs:33] Running RenderSystem
03:37:55 [TRACE] (main) hiisi::platform::systems: [hiisi/src/platform/systems.rs:67] Bottom of loop
03:37:55 [TRACE] (main) hiisi::platform::systems: [hiisi/src/platform/systems.rs:60] Top of loop
03:37:55 [TRACE] hiisi_game::systems: [hiisi_game/src/systems.rs:20] Running FollowMouse
03:37:55 [TRACE] hiisi_game::systems: [hiisi_game/src/systems.rs:37] Running Repelled
03:37:55 [TRACE] hiisi::game::systems: [hiisi/src/game/systems.rs:17] Running UpdatePosition
03:37:55 [TRACE] (main) hiisi::platform::systems: [hiisi/src/platform/systems.rs:40] 0.02045805
03:37:55 [TRACE] (main) hiisi::platform::window: [hiisi/src/platform/window.rs:24] Running WindowSystem
03:37:55 [TRACE] (main) hiisi::platform::events: [hiisi/src/platform/events.rs:30] Running PlatformEventSystem
03:37:55 [TRACE] (main) hiisi::renderer::systems: [hiisi/src/renderer/systems.rs:74] Running SpriteSystem
03:37:55 [TRACE] (main) hiisi::renderer::systems: [hiisi/src/renderer/systems.rs:33] Running RenderSystem
03:37:55 [TRACE] (main) hiisi::platform::systems: [hiisi/src/platform/systems.rs:67] Bottom of loop
03:37:55 [TRACE] (main) hiisi::platform::systems: [hiisi/src/platform/systems.rs:60] Top of loop
03:37:55 [TRACE] hiisi_game::systems: [hiisi_game/src/systems.rs:20] Running FollowMouse
03:37:55 [TRACE] hiisi_game::systems: [hiisi_game/src/systems.rs:37] Running Repelled
03:37:55 [TRACE] hiisi::game::systems: [hiisi/src/game/systems.rs:17] Running UpdatePosition
03:37:55 [TRACE] (main) hiisi::platform::systems: [hiisi/src/platform/systems.rs:40] 0.018156065
03:37:55 [TRACE] (main) hiisi::platform::window: [hiisi/src/platform/window.rs:24] Running WindowSystem
03:37:55 [TRACE] (main) hiisi::platform::events: [hiisi/src/platform/events.rs:30] Running PlatformEventSystem
03:37:55 [TRACE] (main) hiisi::renderer::systems: [hiisi/src/renderer/systems.rs:74] Running SpriteSystem
03:37:55 [TRACE] (main) hiisi::renderer::systems: [hiisi/src/renderer/systems.rs:33] Running RenderSystem
03:37:55 [TRACE] (main) hiisi::platform::systems: [hiisi/src/platform/systems.rs:67] Bottom of loop
03:37:55 [TRACE] (main) hiisi::platform::systems: [hiisi/src/platform/systems.rs:60] Top of loop
03:37:55 [TRACE] hiisi_game::systems: [hiisi_game/src/systems.rs:20] Running FollowMouse
03:37:55 [TRACE] hiisi_game::systems: [hiisi_game/src/systems.rs:37] Running Repelled
03:37:55 [TRACE] hiisi::game::systems: [hiisi/src/game/systems.rs:17] Running UpdatePosition
03:37:55 [TRACE] (main) hiisi::platform::systems: [hiisi/src/platform/systems.rs:40] 0.017418304
03:37:55 [TRACE] (main) hiisi::platform::window: [hiisi/src/platform/window.rs:24] Running WindowSystem
03:37:55 [TRACE] (main) hiisi::platform::events: [hiisi/src/platform/events.rs:30] Running PlatformEventSystem
03:37:55 [TRACE] (main) hiisi::renderer::systems: [hiisi/src/renderer/systems.rs:74] Running SpriteSystem
03:37:55 [TRACE] (main) hiisi::renderer::systems: [hiisi/src/renderer/systems.rs:33] Running RenderSystem
03:37:55 [TRACE] (main) hiisi::platform::systems: [hiisi/src/platform/systems.rs:67] Bottom of loop
03:37:55 [TRACE] (main) hiisi::platform::systems: [hiisi/src/platform/systems.rs:60] Top of loop
03:37:55 [TRACE] hiisi_game::systems: [hiisi_game/src/systems.rs:20] Running FollowMouse
03:37:55 [TRACE] hiisi_game::systems: [hiisi_game/src/systems.rs:37] Running Repelled
03:37:55 [TRACE] hiisi::game::systems: [hiisi/src/game/systems.rs:17] Running UpdatePosition
03:37:55 [TRACE] (main) hiisi::platform::systems: [hiisi/src/platform/systems.rs:40] 0.023650592
03:37:55 [TRACE] (main) hiisi::platform::window: [hiisi/src/platform/window.rs:24] Running WindowSystem
03:37:55 [TRACE] (main) hiisi::platform::events: [hiisi/src/platform/events.rs:30] Running PlatformEventSystem
03:37:55 [TRACE] (main) hiisi::renderer::systems: [hiisi/src/renderer/systems.rs:74] Running SpriteSystem
03:37:55 [TRACE] (main) hiisi::renderer::systems: [hiisi/src/renderer/systems.rs:33] Running RenderSystem
03:37:55 [TRACE] (main) hiisi::platform::systems: [hiisi/src/platform/systems.rs:67] Bottom of loop
03:37:55 [TRACE] (main) hiisi::platform::systems: [hiisi/src/platform/systems.rs:60] Top of loop
03:37:55 [TRACE] hiisi_game::systems: [hiisi_game/src/systems.rs:20] Running FollowMouse
03:37:55 [TRACE] hiisi_game::systems: [hiisi_game/src/systems.rs:37] Running Repelled
03:37:55 [TRACE] hiisi::game::systems: [hiisi/src/game/systems.rs:17] Running UpdatePosition
03:37:55 [TRACE] (main) hiisi::platform::systems: [hiisi/src/platform/systems.rs:40] 0.017877422
03:37:55 [TRACE] (main) hiisi::platform::window: [hiisi/src/platform/window.rs:24] Running WindowSystem
03:37:55 [TRACE] (main) hiisi::platform::events: [hiisi/src/platform/events.rs:30] Running PlatformEventSystem
03:37:55 [TRACE] (main) hiisi::renderer::systems: [hiisi/src/renderer/systems.rs:74] Running SpriteSystem
03:37:55 [TRACE] (main) hiisi::renderer::systems: [hiisi/src/renderer/systems.rs:33] Running RenderSystem
03:37:55 [TRACE] (main) hiisi::platform::systems: [hiisi/src/platform/systems.rs:67] Bottom of loop
03:37:55 [TRACE] (main) hiisi::platform::systems: [hiisi/src/platform/systems.rs:60] Top of loop
03:37:55 [TRACE] hiisi_game::systems: [hiisi_game/src/systems.rs:20] Running FollowMouse
03:37:55 [TRACE] hiisi_game::systems: [hiisi_game/src/systems.rs:37] Running Repelled
03:37:55 [TRACE] hiisi::game::systems: [hiisi/src/game/systems.rs:17] Running UpdatePosition
03:37:55 [TRACE] (main) hiisi::platform::systems: [hiisi/src/platform/systems.rs:40] 0.018885668
03:37:55 [TRACE] (main) hiisi::platform::window: [hiisi/src/platform/window.rs:24] Running WindowSystem
03:37:55 [TRACE] (main) hiisi::platform::events: [hiisi/src/platform/events.rs:30] Running PlatformEventSystem
03:37:55 [TRACE] (main) hiisi::renderer::systems: [hiisi/src/renderer/systems.rs:74] Running SpriteSystem
03:37:55 [TRACE] (main) hiisi::renderer::systems: [hiisi/src/renderer/systems.rs:33] Running RenderSystem
03:37:55 [TRACE] (main) hiisi::platform::systems: [hiisi/src/platform/systems.rs:67] Bottom of loop
03:37:55 [TRACE] (main) hiisi::platform::systems: [hiisi/src/platform/systems.rs:60] Top of loop
03:37:55 [TRACE] hiisi_game::systems: [hiisi_game/src/systems.rs:20] Running FollowMouse
03:37:55 [TRACE] hiisi_game::systems: [hiisi_game/src/systems.rs:37] Running Repelled
03:37:55 [TRACE] hiisi::game::systems: [hiisi/src/game/systems.rs:17] Running UpdatePosition
03:37:55 [TRACE] (main) hiisi::platform::systems: [hiisi/src/platform/systems.rs:40] 0.019540744
03:37:55 [TRACE] (main) hiisi::platform::window: [hiisi/src/platform/window.rs:24] Running WindowSystem
03:37:55 [TRACE] (main) hiisi::platform::events: [hiisi/src/platform/events.rs:30] Running PlatformEventSystem
03:37:55 [TRACE] (main) hiisi::renderer::systems: [hiisi/src/renderer/systems.rs:74] Running SpriteSystem
03:37:55 [TRACE] (main) hiisi::renderer::systems: [hiisi/src/renderer/systems.rs:33] Running RenderSystem
03:37:55 [TRACE] (main) hiisi::platform::systems: [hiisi/src/platform/systems.rs:67] Bottom of loop
03:37:55 [TRACE] (main) hiisi::platform::systems: [hiisi/src/platform/systems.rs:60] Top of loop
03:37:55 [TRACE] hiisi_game::systems: [hiisi_game/src/systems.rs:20] Running FollowMouse
03:37:55 [TRACE] hiisi_game::systems: [hiisi_game/src/systems.rs:37] Running Repelled
03:37:55 [TRACE] hiisi::game::systems: [hiisi/src/game/systems.rs:17] Running UpdatePosition
03:37:55 [TRACE] (main) hiisi::platform::systems: [hiisi/src/platform/systems.rs:40] 0.02492168
03:37:55 [TRACE] (main) hiisi::platform::window: [hiisi/src/platform/window.rs:24] Running WindowSystem
03:37:55 [TRACE] (main) hiisi::platform::events: [hiisi/src/platform/events.rs:30] Running PlatformEventSystem
03:37:55 [TRACE] (main) hiisi::renderer::systems: [hiisi/src/renderer/systems.rs:74] Running SpriteSystem
03:37:55 [TRACE] (main) hiisi::renderer::systems: [hiisi/src/renderer/systems.rs:33] Running RenderSystem
03:37:55 [TRACE] (main) hiisi::platform::systems: [hiisi/src/platform/systems.rs:67] Bottom of loop
03:37:55 [TRACE] (main) hiisi::platform::systems: [hiisi/src/platform/systems.rs:60] Top of loop
03:37:55 [TRACE] hiisi_game::systems: [hiisi_game/src/systems.rs:20] Running FollowMouse
03:37:55 [TRACE] hiisi_game::systems: [hiisi_game/src/systems.rs:37] Running Repelled
03:37:55 [TRACE] hiisi::game::systems: [hiisi/src/game/systems.rs:17] Running UpdatePosition
03:37:55 [TRACE] (main) hiisi::platform::systems: [hiisi/src/platform/systems.rs:40] 0.018718556
03:37:55 [TRACE] (main) hiisi::platform::window: [hiisi/src/platform/window.rs:24] Running WindowSystem
03:37:55 [TRACE] (main) hiisi::platform::events: [hiisi/src/platform/events.rs:30] Running PlatformEventSystem
03:37:55 [TRACE] (main) hiisi::renderer::systems: [hiisi/src/renderer/systems.rs:74] Running SpriteSystem
03:37:55 [TRACE] (main) hiisi::renderer::systems: [hiisi/src/renderer/systems.rs:33] Running RenderSystem
03:37:55 [TRACE] (main) hiisi::platform::systems: [hiisi/src/platform/systems.rs:67] Bottom of loop
03:37:55 [TRACE] (main) hiisi::platform::systems: [hiisi/src/platform/systems.rs:60] Top of loop
03:37:55 [TRACE] hiisi_game::systems: [hiisi_game/src/systems.rs:20] Running FollowMouse
03:37:55 [TRACE] hiisi_game::systems: [hiisi_game/src/systems.rs:37] Running Repelled
03:37:55 [TRACE] hiisi::game::systems: [hiisi/src/game/systems.rs:17] Running UpdatePosition
03:37:55 [TRACE] (main) hiisi::platform::systems: [hiisi/src/platform/systems.rs:40] 0.020873798
03:37:55 [TRACE] (main) hiisi::platform::window: [hiisi/src/platform/window.rs:24] Running WindowSystem
03:37:55 [TRACE] (main) hiisi::platform::events: [hiisi/src/platform/events.rs:30] Running PlatformEventSystem
03:37:55 [TRACE] (main) hiisi::renderer::systems: [hiisi/src/renderer/systems.rs:74] Running SpriteSystem
03:37:55 [TRACE] (main) hiisi::renderer::systems: [hiisi/src/renderer/systems.rs:33] Running RenderSystem
03:37:55 [TRACE] (main) hiisi::platform::systems: [hiisi/src/platform/systems.rs:67] Bottom of loop
03:37:55 [TRACE] (main) hiisi::platform::systems: [hiisi/src/platform/systems.rs:60] Top of loop
03:37:55 [TRACE] hiisi_game::systems: [hiisi_game/src/systems.rs:20] Running FollowMouse
03:37:55 [TRACE] hiisi_game::systems: [hiisi_game/src/systems.rs:37] Running Repelled
03:37:55 [TRACE] hiisi::game::systems: [hiisi/src/game/systems.rs:17] Running UpdatePosition
03:37:55 [TRACE] (main) hiisi::platform::systems: [hiisi/src/platform/systems.rs:40] 0.018885328
03:37:55 [TRACE] (main) hiisi::platform::window: [hiisi/src/platform/window.rs:24] Running WindowSystem
03:37:55 [TRACE] (main) hiisi::platform::events: [hiisi/src/platform/events.rs:30] Running PlatformEventSystem
03:37:55 [TRACE] (main) hiisi::renderer::systems: [hiisi/src/renderer/systems.rs:74] Running SpriteSystem
03:37:55 [TRACE] (main) hiisi::renderer::systems: [hiisi/src/renderer/systems.rs:33] Running RenderSystem
03:37:55 [TRACE] (main) hiisi::platform::systems: [hiisi/src/platform/systems.rs:67] Bottom of loop
03:37:55 [TRACE] (main) hiisi::platform::systems: [hiisi/src/platform/systems.rs:60] Top of loop
03:37:55 [TRACE] hiisi_game::systems: [hiisi_game/src/systems.rs:20] Running FollowMouse
03:37:55 [TRACE] hiisi_game::systems: [hiisi_game/src/systems.rs:37] Running Repelled
03:37:55 [TRACE] hiisi::game::systems: [hiisi/src/game/systems.rs:17] Running UpdatePosition
03:37:55 [TRACE] (main) hiisi::platform::systems: [hiisi/src/platform/systems.rs:40] 0.019357553
03:37:55 [TRACE] (main) hiisi::platform::window: [hiisi/src/platform/window.rs:24] Running WindowSystem
03:37:55 [TRACE] (main) hiisi::platform::events: [hiisi/src/platform/events.rs:30] Running PlatformEventSystem
03:37:55 [TRACE] (main) hiisi::renderer::systems: [hiisi/src/renderer/systems.rs:74] Running SpriteSystem
03:37:55 [TRACE] (main) hiisi::renderer::systems: [hiisi/src/renderer/systems.rs:33] Running RenderSystem
03:37:55 [TRACE] (main) hiisi::platform::systems: [hiisi/src/platform/systems.rs:67] Bottom of loop
03:37:55 [TRACE] (main) hiisi::platform::systems: [hiisi/src/platform/systems.rs:60] Top of loop
03:37:55 [TRACE] hiisi_game::systems: [hiisi_game/src/systems.rs:20] Running FollowMouse
03:37:55 [TRACE] hiisi_game::systems: [hiisi_game/src/systems.rs:37] Running Repelled
03:37:55 [TRACE] hiisi::game::systems: [hiisi/src/game/systems.rs:17] Running UpdatePosition
03:37:55 [TRACE] (main) hiisi::platform::systems: [hiisi/src/platform/systems.rs:40] 0.018347852
03:37:55 [TRACE] (main) hiisi::platform::window: [hiisi/src/platform/window.rs:24] Running WindowSystem
03:37:55 [TRACE] (main) hiisi::platform::events: [hiisi/src/platform/events.rs:30] Running PlatformEventSystem
03:37:55 [TRACE] (main) hiisi::renderer::systems: [hiisi/src/renderer/systems.rs:74] Running SpriteSystem
03:37:55 [TRACE] (main) hiisi::renderer::systems: [hiisi/src/renderer/systems.rs:33] Running RenderSystem
03:37:55 [TRACE] (main) hiisi::platform::systems: [hiisi/src/platform/systems.rs:67] Bottom of loop
03:37:55 [TRACE] (main) hiisi::platform::systems: [hiisi/src/platform/systems.rs:60] Top of loop
03:37:55 [TRACE] hiisi_game::systems: [hiisi_game/src/systems.rs:20] Running FollowMouse
03:37:55 [TRACE] hiisi_game::systems: [hiisi_game/src/systems.rs:37] Running Repelled
03:37:55 [TRACE] hiisi::game::systems: [hiisi/src/game/systems.rs:17] Running UpdatePosition
03:37:55 [TRACE] (main) hiisi::platform::systems: [hiisi/src/platform/systems.rs:40] 0.021117292
03:37:55 [TRACE] (main) hiisi::platform::window: [hiisi/src/platform/window.rs:24] Running WindowSystem
03:37:55 [TRACE] (main) hiisi::platform::events: [hiisi/src/platform/events.rs:30] Running PlatformEventSystem
03:37:55 [TRACE] (main) hiisi::renderer::systems: [hiisi/src/renderer/systems.rs:74] Running SpriteSystem
03:37:55 [TRACE] (main) hiisi::renderer::systems: [hiisi/src/renderer/systems.rs:33] Running RenderSystem
03:37:55 [TRACE] (main) hiisi::platform::systems: [hiisi/src/platform/systems.rs:67] Bottom of loop
03:37:55 [TRACE] (main) hiisi::platform::systems: [hiisi/src/platform/systems.rs:60] Top of loop
03:37:55 [TRACE] hiisi_game::systems: [hiisi_game/src/systems.rs:20] Running FollowMouse
03:37:55 [TRACE] hiisi_game::systems: [hiisi_game/src/systems.rs:37] Running Repelled
03:37:55 [TRACE] hiisi::game::systems: [hiisi/src/game/systems.rs:17] Running UpdatePosition
03:37:55 [TRACE] (main) hiisi::platform::systems: [hiisi/src/platform/systems.rs:40] 0.017313888
03:37:55 [TRACE] (main) hiisi::platform::window: [hiisi/src/platform/window.rs:24] Running WindowSystem
03:37:55 [TRACE] (main) hiisi::platform::events: [hiisi/src/platform/events.rs:30] Running PlatformEventSystem
03:37:55 [TRACE] (main) hiisi::renderer::systems: [hiisi/src/renderer/systems.rs:74] Running SpriteSystem
03:37:55 [TRACE] (main) hiisi::renderer::systems: [hiisi/src/renderer/systems.rs:33] Running RenderSystem
03:37:55 [TRACE] (main) hiisi::platform::systems: [hiisi/src/platform/systems.rs:67] Bottom of loop
03:37:55 [TRACE] (main) hiisi::platform::systems: [hiisi/src/platform/systems.rs:60] Top of loop
03:37:55 [TRACE] hiisi_game::systems: [hiisi_game/src/systems.rs:20] Running FollowMouse
03:37:55 [TRACE] hiisi_game::systems: [hiisi_game/src/systems.rs:37] Running Repelled
03:37:55 [TRACE] hiisi::game::systems: [hiisi/src/game/systems.rs:17] Running UpdatePosition
03:37:55 [TRACE] (main) hiisi::platform::systems: [hiisi/src/platform/systems.rs:40] 0.017819954
03:37:55 [TRACE] (main) hiisi::platform::window: [hiisi/src/platform/window.rs:24] Running WindowSystem
03:37:55 [TRACE] (main) hiisi::platform::events: [hiisi/src/platform/events.rs:30] Running PlatformEventSystem
03:37:55 [TRACE] (main) hiisi::renderer::systems: [hiisi/src/renderer/systems.rs:74] Running SpriteSystem
03:37:55 [TRACE] (main) hiisi::renderer::systems: [hiisi/src/renderer/systems.rs:33] Running RenderSystem
03:37:55 [TRACE] (main) hiisi::platform::systems: [hiisi/src/platform/systems.rs:67] Bottom of loop
03:37:55 [TRACE] (main) hiisi::platform::systems: [hiisi/src/platform/systems.rs:60] Top of loop
03:37:55 [TRACE] hiisi_game::systems: [hiisi_game/src/systems.rs:20] Running FollowMouse
03:37:55 [TRACE] hiisi_game::systems: [hiisi_game/src/systems.rs:37] Running Repelled
03:37:55 [TRACE] hiisi::game::systems: [hiisi/src/game/systems.rs:17] Running UpdatePosition
03:37:55 [TRACE] (main) hiisi::platform::systems: [hiisi/src/platform/systems.rs:40] 0.017330248
03:37:55 [TRACE] (main) hiisi::platform::window: [hiisi/src/platform/window.rs:24] Running WindowSystem
03:37:55 [TRACE] (main) hiisi::platform::events: [hiisi/src/platform/events.rs:30] Running PlatformEventSystem
03:37:55 [TRACE] (main) hiisi::renderer::systems: [hiisi/src/renderer/systems.rs:74] Running SpriteSystem
03:37:55 [TRACE] (main) hiisi::renderer::systems: [hiisi/src/renderer/systems.rs:33] Running RenderSystem
03:37:55 [TRACE] (main) hiisi::platform::systems: [hiisi/src/platform/systems.rs:67] Bottom of loop
03:37:55 [TRACE] (main) hiisi::platform::systems: [hiisi/src/platform/systems.rs:60] Top of loop
03:37:55 [TRACE] hiisi_game::systems: [hiisi_game/src/systems.rs:20] Running FollowMouse
03:37:55 [TRACE] hiisi_game::systems: [hiisi_game/src/systems.rs:37] Running Repelled
03:37:55 [TRACE] hiisi::game::systems: [hiisi/src/game/systems.rs:17] Running UpdatePosition
03:37:55 [TRACE] (main) hiisi::platform::systems: [hiisi/src/platform/systems.rs:40] 0.019719629
03:37:55 [TRACE] (main) hiisi::platform::window: [hiisi/src/platform/window.rs:24] Running WindowSystem
03:37:55 [TRACE] (main) hiisi::platform::events: [hiisi/src/platform/events.rs:30] Running PlatformEventSystem
03:37:55 [TRACE] (main) hiisi::renderer::systems: [hiisi/src/renderer/systems.rs:74] Running SpriteSystem
03:37:55 [TRACE] (main) hiisi::renderer::systems: [hiisi/src/renderer/systems.rs:33] Running RenderSystem
03:37:55 [TRACE] (main) hiisi::platform::systems: [hiisi/src/platform/systems.rs:67] Bottom of loop
03:37:55 [TRACE] (main) hiisi::platform::systems: [hiisi/src/platform/systems.rs:60] Top of loop
03:37:55 [TRACE] hiisi_game::systems: [hiisi_game/src/systems.rs:20] Running FollowMouse
03:37:55 [TRACE] hiisi_game::systems: [hiisi_game/src/systems.rs:37] Running Repelled
03:37:55 [TRACE] hiisi::game::systems: [hiisi/src/game/systems.rs:17] Running UpdatePosition
03:37:55 [TRACE] (main) hiisi::platform::systems: [hiisi/src/platform/systems.rs:40] 0.0215973
03:37:55 [TRACE] (main) hiisi::platform::window: [hiisi/src/platform/window.rs:24] Running WindowSystem
03:37:55 [TRACE] (main) hiisi::platform::events: [hiisi/src/platform/events.rs:30] Running PlatformEventSystem
03:37:55 [TRACE] (main) hiisi::renderer::systems: [hiisi/src/renderer/systems.rs:74] Running SpriteSystem
03:37:55 [TRACE] (main) hiisi::renderer::systems: [hiisi/src/renderer/systems.rs:33] Running RenderSystem
03:37:55 [TRACE] (main) hiisi::platform::systems: [hiisi/src/platform/systems.rs:67] Bottom of loop
03:37:55 [TRACE] (main) hiisi::platform::systems: [hiisi/src/platform/systems.rs:60] Top of loop
03:37:55 [TRACE] hiisi_game::systems: [hiisi_game/src/systems.rs:20] Running FollowMouse
03:37:55 [TRACE] hiisi_game::systems: [hiisi_game/src/systems.rs:37] Running Repelled
03:37:55 [TRACE] hiisi::game::systems: [hiisi/src/game/systems.rs:17] Running UpdatePosition
03:37:55 [TRACE] (main) hiisi::platform::systems: [hiisi/src/platform/systems.rs:40] 0.019131469
03:37:55 [TRACE] (main) hiisi::platform::window: [hiisi/src/platform/window.rs:24] Running WindowSystem
03:37:55 [TRACE] (main) hiisi::platform::events: [hiisi/src/platform/events.rs:30] Running PlatformEventSystem
03:37:55 [TRACE] (main) hiisi::renderer::systems: [hiisi/src/renderer/systems.rs:74] Running SpriteSystem
03:37:55 [TRACE] (main) hiisi::renderer::systems: [hiisi/src/renderer/systems.rs:33] Running RenderSystem
03:37:55 [TRACE] (main) hiisi::platform::systems: [hiisi/src/platform/systems.rs:67] Bottom of loop
03:37:55 [TRACE] (main) hiisi::platform::systems: [hiisi/src/platform/systems.rs:60] Top of loop
03:37:55 [TRACE] hiisi_game::systems: [hiisi_game/src/systems.rs:20] Running FollowMouse
03:37:55 [TRACE] hiisi_game::systems: [hiisi_game/src/systems.rs:37] Running Repelled
03:37:55 [TRACE] hiisi::game::systems: [hiisi/src/game/systems.rs:17] Running UpdatePosition
03:37:55 [TRACE] (main) hiisi::platform::systems: [hiisi/src/platform/systems.rs:40] 0.017631302
03:37:55 [TRACE] (main) hiisi::platform::window: [hiisi/src/platform/window.rs:24] Running WindowSystem
03:37:55 [TRACE] (main) hiisi::platform::events: [hiisi/src/platform/events.rs:30] Running PlatformEventSystem
03:37:55 [TRACE] (main) hiisi::renderer::systems: [hiisi/src/renderer/systems.rs:74] Running SpriteSystem
03:37:55 [TRACE] (main) hiisi::renderer::systems: [hiisi/src/renderer/systems.rs:33] Running RenderSystem
03:37:55 [TRACE] (main) hiisi::platform::systems: [hiisi/src/platform/systems.rs:67] Bottom of loop
03:37:55 [TRACE] (main) hiisi::platform::systems: [hiisi/src/platform/systems.rs:60] Top of loop
03:37:55 [TRACE] hiisi_game::systems: [hiisi_game/src/systems.rs:20] Running FollowMouse
03:37:55 [TRACE] hiisi_game::systems: [hiisi_game/src/systems.rs:37] Running Repelled
03:37:55 [TRACE] hiisi::game::systems: [hiisi/src/game/systems.rs:17] Running UpdatePosition
03:37:55 [TRACE] (main) hiisi::platform::systems: [hiisi/src/platform/systems.rs:40] 0.019090952
03:37:55 [TRACE] (main) hiisi::platform::window: [hiisi/src/platform/window.rs:24] Running WindowSystem
03:37:55 [TRACE] (main) hiisi::platform::events: [hiisi/src/platform/events.rs:30] Running PlatformEventSystem
03:37:55 [TRACE] (main) hiisi::renderer::systems: [hiisi/src/renderer/systems.rs:74] Running SpriteSystem
03:37:55 [TRACE] (main) hiisi::renderer::systems: [hiisi/src/renderer/systems.rs:33] Running RenderSystem
03:37:55 [TRACE] (main) hiisi::platform::systems: [hiisi/src/platform/systems.rs:67] Bottom of loop
03:37:55 [TRACE] (main) hiisi::platform::systems: [hiisi/src/platform/systems.rs:60] Top of loop
03:37:55 [TRACE] hiisi_game::systems: [hiisi_game/src/systems.rs:20] Running FollowMouse
03:37:55 [TRACE] hiisi_game::systems: [hiisi_game/src/systems.rs:37] Running Repelled
03:37:55 [TRACE] hiisi::game::systems: [hiisi/src/game/systems.rs:17] Running UpdatePosition
03:37:55 [TRACE] (main) hiisi::platform::systems: [hiisi/src/platform/systems.rs:40] 0.018575449
03:37:55 [TRACE] (main) hiisi::platform::window: [hiisi/src/platform/window.rs:24] Running WindowSystem
03:37:55 [TRACE] (main) hiisi::platform::events: [hiisi/src/platform/events.rs:30] Running PlatformEventSystem
03:37:55 [TRACE] (main) hiisi::renderer::systems: [hiisi/src/renderer/systems.rs:74] Running SpriteSystem
03:37:55 [TRACE] (main) hiisi::renderer::systems: [hiisi/src/renderer/systems.rs:33] Running RenderSystem
03:37:55 [TRACE] (main) hiisi::platform::systems: [hiisi/src/platform/systems.rs:67] Bottom of loop
03:37:55 [TRACE] (main) hiisi::platform::systems: [hiisi/src/platform/systems.rs:60] Top of loop
03:37:55 [TRACE] hiisi_game::systems: [hiisi_game/src/systems.rs:20] Running FollowMouse
03:37:55 [TRACE] hiisi_game::systems: [hiisi_game/src/systems.rs:37] Running Repelled
03:37:55 [TRACE] hiisi::game::systems: [hiisi/src/game/systems.rs:17] Running UpdatePosition
03:37:55 [TRACE] (main) hiisi::platform::systems: [hiisi/src/platform/systems.rs:40] 0.019797323
03:37:55 [TRACE] (main) hiisi::platform::window: [hiisi/src/platform/window.rs:24] Running WindowSystem
03:37:55 [TRACE] (main) hiisi::platform::events: [hiisi/src/platform/events.rs:30] Running PlatformEventSystem
03:37:55 [TRACE] (main) hiisi::renderer::systems: [hiisi/src/renderer/systems.rs:74] Running SpriteSystem
03:37:55 [TRACE] (main) hiisi::renderer::systems: [hiisi/src/renderer/systems.rs:33] Running RenderSystem
03:37:55 [TRACE] (main) hiisi::platform::systems: [hiisi/src/platform/systems.rs:67] Bottom of loop
03:37:55 [TRACE] (main) hiisi::platform::systems: [hiisi/src/platform/systems.rs:60] Top of loop
03:37:55 [TRACE] hiisi_game::systems: [hiisi_game/src/systems.rs:20] Running FollowMouse
03:37:55 [TRACE] hiisi_game::systems: [hiisi_game/src/systems.rs:37] Running Repelled
03:37:55 [TRACE] hiisi::game::systems: [hiisi/src/game/systems.rs:17] Running UpdatePosition
03:37:55 [TRACE] (main) hiisi::platform::systems: [hiisi/src/platform/systems.rs:40] 0.017644716
03:37:55 [TRACE] (main) hiisi::platform::window: [hiisi/src/platform/window.rs:24] Running WindowSystem
03:37:55 [TRACE] (main) hiisi::platform::events: [hiisi/src/platform/events.rs:30] Running PlatformEventSystem
03:37:55 [TRACE] (main) hiisi::renderer::systems: [hiisi/src/renderer/systems.rs:74] Running SpriteSystem
03:37:55 [TRACE] (main) hiisi::renderer::systems: [hiisi/src/renderer/systems.rs:33] Running RenderSystem
03:37:55 [TRACE] (main) hiisi::platform::systems: [hiisi/src/platform/systems.rs:67] Bottom of loop
03:37:55 [TRACE] (main) hiisi::platform::systems: [hiisi/src/platform/systems.rs:60] Top of loop
03:37:55 [TRACE] hiisi_game::systems: [hiisi_game/src/systems.rs:20] Running FollowMouse
03:37:55 [TRACE] hiisi_game::systems: [hiisi_game/src/systems.rs:37] Running Repelled
03:37:55 [TRACE] hiisi::game::systems: [hiisi/src/game/systems.rs:17] Running UpdatePosition
03:37:55 [TRACE] (main) hiisi::platform::systems: [hiisi/src/platform/systems.rs:40] 0.023379516
03:37:55 [TRACE] (main) hiisi::platform::window: [hiisi/src/platform/window.rs:24] Running WindowSystem
03:37:55 [TRACE] (main) hiisi::platform::events: [hiisi/src/platform/events.rs:30] Running PlatformEventSystem
03:37:55 [TRACE] (main) hiisi::renderer::systems: [hiisi/src/renderer/systems.rs:74] Running SpriteSystem
03:37:55 [TRACE] (main) hiisi::renderer::systems: [hiisi/src/renderer/systems.rs:33] Running RenderSystem
03:37:55 [TRACE] (main) hiisi::platform::systems: [hiisi/src/platform/systems.rs:67] Bottom of loop
03:37:55 [TRACE] (main) hiisi::platform::systems: [hiisi/src/platform/systems.rs:60] Top of loop
03:37:55 [TRACE] hiisi_game::systems: [hiisi_game/src/systems.rs:20] Running FollowMouse
03:37:55 [TRACE] hiisi_game::systems: [hiisi_game/src/systems.rs:37] Running Repelled
03:37:55 [TRACE] hiisi::game::systems: [hiisi/src/game/systems.rs:17] Running UpdatePosition
03:37:55 [TRACE] (main) hiisi::platform::systems: [hiisi/src/platform/systems.rs:40] 0.023953168
03:37:55 [TRACE] (main) hiisi::platform::window: [hiisi/src/platform/window.rs:24] Running WindowSystem
03:37:55 [TRACE] (main) hiisi::platform::events: [hiisi/src/platform/events.rs:30] Running PlatformEventSystem
03:37:55 [TRACE] (main) hiisi::renderer::systems: [hiisi/src/renderer/systems.rs:74] Running SpriteSystem
03:37:55 [TRACE] (main) hiisi::renderer::systems: [hiisi/src/renderer/systems.rs:33] Running RenderSystem
03:37:55 [TRACE] (main) hiisi::platform::systems: [hiisi/src/platform/systems.rs:67] Bottom of loop
03:37:55 [TRACE] (main) hiisi::platform::systems: [hiisi/src/platform/systems.rs:60] Top of loop
03:37:55 [TRACE] hiisi_game::systems: [hiisi_game/src/systems.rs:20] Running FollowMouse
03:37:55 [TRACE] hiisi_game::systems: [hiisi_game/src/systems.rs:37] Running Repelled
03:37:55 [TRACE] hiisi::game::systems: [hiisi/src/game/systems.rs:17] Running UpdatePosition
03:37:55 [TRACE] (main) hiisi::platform::systems: [hiisi/src/platform/systems.rs:40] 0.019252645
03:37:55 [TRACE] (main) hiisi::platform::window: [hiisi/src/platform/window.rs:24] Running WindowSystem
03:37:55 [TRACE] (main) hiisi::platform::events: [hiisi/src/platform/events.rs:30] Running PlatformEventSystem
03:37:55 [TRACE] (main) hiisi::renderer::systems: [hiisi/src/renderer/systems.rs:74] Running SpriteSystem
03:37:55 [TRACE] (main) hiisi::renderer::systems: [hiisi/src/renderer/systems.rs:33] Running RenderSystem
03:37:55 [TRACE] (main) hiisi::platform::systems: [hiisi/src/platform/systems.rs:67] Bottom of loop
03:37:55 [TRACE] (main) hiisi::platform::systems: [hiisi/src/platform/systems.rs:60] Top of loop
03:37:55 [TRACE] hiisi_game::systems: [hiisi_game/src/systems.rs:20] Running FollowMouse
03:37:55 [TRACE] hiisi_game::systems: [hiisi_game/src/systems.rs:37] Running Repelled
03:37:55 [TRACE] hiisi::game::systems: [hiisi/src/game/systems.rs:17] Running UpdatePosition
03:37:55 [TRACE] (main) hiisi::platform::systems: [hiisi/src/platform/systems.rs:40] 0.0197098
03:37:55 [TRACE] (main) hiisi::platform::window: [hiisi/src/platform/window.rs:24] Running WindowSystem
03:37:55 [TRACE] (main) hiisi::platform::events: [hiisi/src/platform/events.rs:30] Running PlatformEventSystem
03:37:55 [TRACE] (main) hiisi::renderer::systems: [hiisi/src/renderer/systems.rs:74] Running SpriteSystem
03:37:55 [TRACE] (main) hiisi::renderer::systems: [hiisi/src/renderer/systems.rs:33] Running RenderSystem
03:37:55 [TRACE] (main) hiisi::platform::systems: [hiisi/src/platform/systems.rs:67] Bottom of loop
03:37:55 [TRACE] (main) hiisi::platform::systems: [hiisi/src/platform/systems.rs:60] Top of loop
03:37:55 [TRACE] hiisi_game::systems: [hiisi_game/src/systems.rs:20] Running FollowMouse
03:37:55 [TRACE] hiisi_game::systems: [hiisi_game/src/systems.rs:37] Running Repelled
03:37:55 [TRACE] hiisi::game::systems: [hiisi/src/game/systems.rs:17] Running UpdatePosition
03:37:55 [TRACE] (main) hiisi::platform::systems: [hiisi/src/platform/systems.rs:40] 0.01941107
03:37:55 [TRACE] (main) hiisi::platform::window: [hiisi/src/platform/window.rs:24] Running WindowSystem
03:37:55 [TRACE] (main) hiisi::platform::events: [hiisi/src/platform/events.rs:30] Running PlatformEventSystem
03:37:55 [TRACE] (main) hiisi::renderer::systems: [hiisi/src/renderer/systems.rs:74] Running SpriteSystem
03:37:55 [TRACE] (main) hiisi::renderer::systems: [hiisi/src/renderer/systems.rs:33] Running RenderSystem
03:37:55 [TRACE] (main) hiisi::platform::systems: [hiisi/src/platform/systems.rs:67] Bottom of loop
03:37:55 [TRACE] (main) hiisi::platform::systems: [hiisi/src/platform/systems.rs:60] Top of loop
03:37:55 [TRACE] hiisi_game::systems: [hiisi_game/src/systems.rs:20] Running FollowMouse
03:37:55 [TRACE] hiisi_game::systems: [hiisi_game/src/systems.rs:37] Running Repelled
03:37:55 [TRACE] hiisi::game::systems: [hiisi/src/game/systems.rs:17] Running UpdatePosition
03:37:55 [TRACE] (main) hiisi::platform::systems: [hiisi/src/platform/systems.rs:40] 0.022642536
03:37:55 [TRACE] (main) hiisi::platform::window: [hiisi/src/platform/window.rs:24] Running WindowSystem
03:37:55 [TRACE] (main) hiisi::platform::events: [hiisi/src/platform/events.rs:30] Running PlatformEventSystem
03:37:55 [TRACE] (main) hiisi::renderer::systems: [hiisi/src/renderer/systems.rs:74] Running SpriteSystem
03:37:55 [TRACE] (main) hiisi::renderer::systems: [hiisi/src/renderer/systems.rs:33] Running RenderSystem
03:37:55 [TRACE] (main) hiisi::platform::systems: [hiisi/src/platform/systems.rs:67] Bottom of loop
03:37:55 [TRACE] (main) hiisi::platform::systems: [hiisi/src/platform/systems.rs:60] Top of loop
03:37:55 [TRACE] hiisi_game::systems: [hiisi_game/src/systems.rs:20] Running FollowMouse
03:37:55 [TRACE] hiisi_game::systems: [hiisi_game/src/systems.rs:37] Running Repelled
03:37:55 [TRACE] hiisi::game::systems: [hiisi/src/game/systems.rs:17] Running UpdatePosition
03:37:55 [TRACE] (main) hiisi::platform::systems: [hiisi/src/platform/systems.rs:40] 0.020213524
03:37:55 [TRACE] (main) hiisi::platform::window: [hiisi/src/platform/window.rs:24] Running WindowSystem
03:37:55 [TRACE] (main) hiisi::platform::events: [hiisi/src/platform/events.rs:30] Running PlatformEventSystem
03:37:55 [TRACE] (main) hiisi::renderer::systems: [hiisi/src/renderer/systems.rs:74] Running SpriteSystem
03:37:55 [TRACE] (main) hiisi::renderer::systems: [hiisi/src/renderer/systems.rs:33] Running RenderSystem
03:37:55 [TRACE] (main) hiisi::platform::systems: [hiisi/src/platform/systems.rs:67] Bottom of loop
03:37:55 [TRACE] (main) hiisi::platform::systems: [hiisi/src/platform/systems.rs:60] Top of loop
03:37:55 [TRACE] hiisi_game::systems: [hiisi_game/src/systems.rs:20] Running FollowMouse
03:37:55 [TRACE] hiisi_game::systems: [hiisi_game/src/systems.rs:37] Running Repelled
03:37:55 [TRACE] hiisi::game::systems: [hiisi/src/game/systems.rs:17] Running UpdatePosition
03:37:55 [TRACE] (main) hiisi::platform::systems: [hiisi/src/platform/systems.rs:40] 0.018433772
03:37:55 [TRACE] (main) hiisi::platform::window: [hiisi/src/platform/window.rs:24] Running WindowSystem
03:37:55 [TRACE] (main) hiisi::platform::events: [hiisi/src/platform/events.rs:30] Running PlatformEventSystem
03:37:55 [TRACE] (main) hiisi::renderer::systems: [hiisi/src/renderer/systems.rs:74] Running SpriteSystem
03:37:55 [TRACE] (main) hiisi::renderer::systems: [hiisi/src/renderer/systems.rs:33] Running RenderSystem
03:37:55 [TRACE] (main) hiisi::platform::systems: [hiisi/src/platform/systems.rs:67] Bottom of loop
03:37:55 [TRACE] (main) hiisi::platform::systems: [hiisi/src/platform/systems.rs:60] Top of loop
03:37:55 [TRACE] hiisi_game::systems: [hiisi_game/src/systems.rs:20] Running FollowMouse
03:37:55 [TRACE] hiisi_game::systems: [hiisi_game/src/systems.rs:37] Running Repelled
03:37:55 [TRACE] hiisi::game::systems: [hiisi/src/game/systems.rs:17] Running UpdatePosition
03:37:55 [TRACE] (main) hiisi::platform::systems: [hiisi/src/platform/systems.rs:40] 0.018654406
03:37:55 [TRACE] (main) hiisi::platform::window: [hiisi/src/platform/window.rs:24] Running WindowSystem
03:37:55 [TRACE] (main) hiisi::platform::events: [hiisi/src/platform/events.rs:30] Running PlatformEventSystem
03:37:55 [TRACE] (main) hiisi::renderer::systems: [hiisi/src/renderer/systems.rs:74] Running SpriteSystem
03:37:55 [TRACE] (main) hiisi::renderer::systems: [hiisi/src/renderer/systems.rs:33] Running RenderSystem
03:37:55 [TRACE] (main) hiisi::platform::systems: [hiisi/src/platform/systems.rs:67] Bottom of loop
03:37:55 [TRACE] (main) hiisi::platform::systems: [hiisi/src/platform/systems.rs:60] Top of loop
03:37:55 [TRACE] hiisi_game::systems: [hiisi_game/src/systems.rs:20] Running FollowMouse
03:37:55 [TRACE] hiisi_game::systems: [hiisi_game/src/systems.rs:37] Running Repelled
03:37:55 [TRACE] hiisi::game::systems: [hiisi/src/game/systems.rs:17] Running UpdatePosition
03:37:55 [TRACE] (main) hiisi::platform::systems: [hiisi/src/platform/systems.rs:40] 0.021468028
03:37:55 [TRACE] (main) hiisi::platform::window: [hiisi/src/platform/window.rs:24] Running WindowSystem
03:37:55 [TRACE] (main) hiisi::platform::events: [hiisi/src/platform/events.rs:30] Running PlatformEventSystem
03:37:55 [TRACE] (main) hiisi::renderer::systems: [hiisi/src/renderer/systems.rs:74] Running SpriteSystem
03:37:55 [TRACE] (main) hiisi::renderer::systems: [hiisi/src/renderer/systems.rs:33] Running RenderSystem
03:37:55 [TRACE] (main) hiisi::platform::systems: [hiisi/src/platform/systems.rs:67] Bottom of loop
03:37:55 [TRACE] (main) hiisi::platform::systems: [hiisi/src/platform/systems.rs:60] Top of loop
03:37:55 [TRACE] hiisi_game::systems: [hiisi_game/src/systems.rs:20] Running FollowMouse
03:37:55 [TRACE] hiisi_game::systems: [hiisi_game/src/systems.rs:37] Running Repelled
03:37:55 [TRACE] hiisi::game::systems: [hiisi/src/game/systems.rs:17] Running UpdatePosition
03:37:55 [TRACE] (main) hiisi::platform::systems: [hiisi/src/platform/systems.rs:40] 0.019109717
03:37:55 [TRACE] (main) hiisi::platform::window: [hiisi/src/platform/window.rs:24] Running WindowSystem
03:37:55 [TRACE] (main) hiisi::platform::events: [hiisi/src/platform/events.rs:30] Running PlatformEventSystem
03:37:55 [TRACE] (main) hiisi::renderer::systems: [hiisi/src/renderer/systems.rs:74] Running SpriteSystem
03:37:55 [TRACE] (main) hiisi::renderer::systems: [hiisi/src/renderer/systems.rs:33] Running RenderSystem
03:37:55 [TRACE] (main) hiisi::platform::systems: [hiisi/src/platform/systems.rs:67] Bottom of loop
03:37:55 [TRACE] (main) hiisi::platform::systems: [hiisi/src/platform/systems.rs:60] Top of loop
03:37:55 [TRACE] hiisi_game::systems: [hiisi_game/src/systems.rs:20] Running FollowMouse
03:37:55 [TRACE] hiisi_game::systems: [hiisi_game/src/systems.rs:37] Running Repelled
03:37:55 [TRACE] hiisi::game::systems: [hiisi/src/game/systems.rs:17] Running UpdatePosition
03:37:55 [TRACE] (main) hiisi::platform::systems: [hiisi/src/platform/systems.rs:40] 0.018744737
03:37:55 [TRACE] (main) hiisi::platform::window: [hiisi/src/platform/window.rs:24] Running WindowSystem
03:37:55 [TRACE] (main) hiisi::platform::events: [hiisi/src/platform/events.rs:30] Running PlatformEventSystem
03:37:55 [TRACE] (main) hiisi::renderer::systems: [hiisi/src/renderer/systems.rs:74] Running SpriteSystem
03:37:55 [TRACE] (main) hiisi::renderer::systems: [hiisi/src/renderer/systems.rs:33] Running RenderSystem
03:37:55 [TRACE] (main) hiisi::platform::systems: [hiisi/src/platform/systems.rs:67] Bottom of loop
03:37:55 [TRACE] (main) hiisi::platform::systems: [hiisi/src/platform/systems.rs:60] Top of loop
03:37:55 [TRACE] hiisi_game::systems: [hiisi_game/src/systems.rs:20] Running FollowMouse
03:37:55 [TRACE] hiisi_game::systems: [hiisi_game/src/systems.rs:37] Running Repelled
03:37:55 [TRACE] hiisi::game::systems: [hiisi/src/game/systems.rs:17] Running UpdatePosition
03:37:55 [TRACE] (main) hiisi::platform::systems: [hiisi/src/platform/systems.rs:40] 0.01866694
03:37:55 [TRACE] (main) hiisi::platform::window: [hiisi/src/platform/window.rs:24] Running WindowSystem
03:37:55 [TRACE] (main) hiisi::platform::events: [hiisi/src/platform/events.rs:30] Running PlatformEventSystem
03:37:55 [TRACE] (main) hiisi::renderer::systems: [hiisi/src/renderer/systems.rs:74] Running SpriteSystem
03:37:55 [TRACE] (main) hiisi::renderer::systems: [hiisi/src/renderer/systems.rs:33] Running RenderSystem
03:37:55 [TRACE] (main) hiisi::platform::systems: [hiisi/src/platform/systems.rs:67] Bottom of loop
03:37:55 [TRACE] (main) hiisi::platform::systems: [hiisi/src/platform/systems.rs:60] Top of loop
03:37:55 [TRACE] hiisi_game::systems: [hiisi_game/src/systems.rs:20] Running FollowMouse
03:37:55 [TRACE] hiisi_game::systems: [hiisi_game/src/systems.rs:37] Running Repelled
03:37:55 [TRACE] hiisi::game::systems: [hiisi/src/game/systems.rs:17] Running UpdatePosition
03:37:55 [TRACE] (main) hiisi::platform::systems: [hiisi/src/platform/systems.rs:40] 0.017424123
03:37:55 [TRACE] (main) hiisi::platform::window: [hiisi/src/platform/window.rs:24] Running WindowSystem
03:37:55 [TRACE] (main) hiisi::platform::events: [hiisi/src/platform/events.rs:30] Running PlatformEventSystem
03:37:55 [TRACE] (main) hiisi::renderer::systems: [hiisi/src/renderer/systems.rs:74] Running SpriteSystem
03:37:56 [TRACE] (main) hiisi::renderer::systems: [hiisi/src/renderer/systems.rs:33] Running RenderSystem
03:37:56 [TRACE] (main) hiisi::platform::systems: [hiisi/src/platform/systems.rs:67] Bottom of loop
03:37:56 [TRACE] (main) hiisi::platform::systems: [hiisi/src/platform/systems.rs:60] Top of loop
03:37:56 [TRACE] hiisi_game::systems: [hiisi_game/src/systems.rs:20] Running FollowMouse
03:37:56 [TRACE] hiisi_game::systems: [hiisi_game/src/systems.rs:37] Running Repelled
03:37:56 [TRACE] hiisi::game::systems: [hiisi/src/game/systems.rs:17] Running UpdatePosition
03:37:56 [TRACE] (main) hiisi::platform::systems: [hiisi/src/platform/systems.rs:40] 0.025754439
03:37:56 [TRACE] (main) hiisi::platform::window: [hiisi/src/platform/window.rs:24] Running WindowSystem
03:37:56 [TRACE] (main) hiisi::platform::events: [hiisi/src/platform/events.rs:30] Running PlatformEventSystem
03:37:56 [TRACE] (main) hiisi::renderer::systems: [hiisi/src/renderer/systems.rs:74] Running SpriteSystem
03:37:56 [TRACE] (main) hiisi::renderer::systems: [hiisi/src/renderer/systems.rs:33] Running RenderSystem
03:37:56 [TRACE] (main) hiisi::platform::systems: [hiisi/src/platform/systems.rs:67] Bottom of loop
03:37:56 [TRACE] (main) hiisi::platform::systems: [hiisi/src/platform/systems.rs:60] Top of loop
03:37:56 [TRACE] hiisi_game::systems: [hiisi_game/src/systems.rs:20] Running FollowMouse
03:37:56 [TRACE] hiisi_game::systems: [hiisi_game/src/systems.rs:37] Running Repelled
03:37:56 [TRACE] hiisi::game::systems: [hiisi/src/game/systems.rs:17] Running UpdatePosition
03:37:56 [TRACE] (main) hiisi::platform::systems: [hiisi/src/platform/systems.rs:40] 0.023423648
03:37:56 [TRACE] (main) hiisi::platform::window: [hiisi/src/platform/window.rs:24] Running WindowSystem
03:37:56 [TRACE] (main) hiisi::platform::events: [hiisi/src/platform/events.rs:30] Running PlatformEventSystem
03:37:56 [TRACE] (main) hiisi::renderer::systems: [hiisi/src/renderer/systems.rs:74] Running SpriteSystem
03:37:56 [TRACE] (main) hiisi::renderer::systems: [hiisi/src/renderer/systems.rs:33] Running RenderSystem
03:37:56 [TRACE] (main) hiisi::platform::systems: [hiisi/src/platform/systems.rs:67] Bottom of loop
03:37:56 [TRACE] (main) hiisi::platform::systems: [hiisi/src/platform/systems.rs:60] Top of loop
03:37:56 [TRACE] hiisi_game::systems: [hiisi_game/src/systems.rs:20] Running FollowMouse
03:37:56 [TRACE] hiisi_game::systems: [hiisi_game/src/systems.rs:37] Running Repelled
03:37:56 [TRACE] hiisi::game::systems: [hiisi/src/game/systems.rs:17] Running UpdatePosition
03:37:56 [TRACE] (main) hiisi::platform::systems: [hiisi/src/platform/systems.rs:40] 0.022919403
03:37:56 [TRACE] (main) hiisi::platform::window: [hiisi/src/platform/window.rs:24] Running WindowSystem
03:37:56 [TRACE] (main) hiisi::platform::events: [hiisi/src/platform/events.rs:30] Running PlatformEventSystem
03:37:56 [TRACE] (main) hiisi::renderer::systems: [hiisi/src/renderer/systems.rs:74] Running SpriteSystem
03:37:56 [TRACE] (main) hiisi::renderer::systems: [hiisi/src/renderer/systems.rs:33] Running RenderSystem
03:37:56 [TRACE] (main) hiisi::platform::systems: [hiisi/src/platform/systems.rs:67] Bottom of loop
03:37:56 [TRACE] (main) hiisi::platform::systems: [hiisi/src/platform/systems.rs:60] Top of loop
03:37:56 [TRACE] hiisi_game::systems: [hiisi_game/src/systems.rs:20] Running FollowMouse
03:37:56 [TRACE] hiisi_game::systems: [hiisi_game/src/systems.rs:37] Running Repelled
03:37:56 [TRACE] hiisi::game::systems: [hiisi/src/game/systems.rs:17] Running UpdatePosition
03:37:56 [TRACE] (main) hiisi::platform::systems: [hiisi/src/platform/systems.rs:40] 0.019400802
03:37:56 [TRACE] (main) hiisi::platform::window: [hiisi/src/platform/window.rs:24] Running WindowSystem
03:37:56 [TRACE] (main) hiisi::platform::events: [hiisi/src/platform/events.rs:30] Running PlatformEventSystem
03:37:56 [TRACE] (main) hiisi::renderer::systems: [hiisi/src/renderer/systems.rs:74] Running SpriteSystem
03:37:56 [TRACE] (main) hiisi::renderer::systems: [hiisi/src/renderer/systems.rs:33] Running RenderSystem
03:37:56 [TRACE] (main) hiisi::platform::systems: [hiisi/src/platform/systems.rs:67] Bottom of loop
03:37:56 [TRACE] (main) hiisi::platform::systems: [hiisi/src/platform/systems.rs:60] Top of loop
03:37:56 [TRACE] hiisi_game::systems: [hiisi_game/src/systems.rs:20] Running FollowMouse
03:37:56 [TRACE] hiisi_game::systems: [hiisi_game/src/systems.rs:37] Running Repelled
03:37:56 [TRACE] hiisi::game::systems: [hiisi/src/game/systems.rs:17] Running UpdatePosition
03:37:56 [TRACE] (main) hiisi::platform::systems: [hiisi/src/platform/systems.rs:40] 0.019388758
03:37:56 [TRACE] (main) hiisi::platform::window: [hiisi/src/platform/window.rs:24] Running WindowSystem
03:37:56 [TRACE] (main) hiisi::platform::events: [hiisi/src/platform/events.rs:30] Running PlatformEventSystem
03:37:56 [TRACE] (main) hiisi::renderer::systems: [hiisi/src/renderer/systems.rs:74] Running SpriteSystem
03:37:56 [TRACE] (main) hiisi::renderer::systems: [hiisi/src/renderer/systems.rs:33] Running RenderSystem
03:37:56 [TRACE] (main) hiisi::platform::systems: [hiisi/src/platform/systems.rs:67] Bottom of loop
03:37:56 [TRACE] (main) hiisi::platform::systems: [hiisi/src/platform/systems.rs:60] Top of loop
03:37:56 [TRACE] hiisi_game::systems: [hiisi_game/src/systems.rs:20] Running FollowMouse
03:37:56 [TRACE] hiisi_game::systems: [hiisi_game/src/systems.rs:37] Running Repelled
03:37:56 [TRACE] hiisi::game::systems: [hiisi/src/game/systems.rs:17] Running UpdatePosition
03:37:56 [TRACE] (main) hiisi::platform::systems: [hiisi/src/platform/systems.rs:40] 0.016953504
03:37:56 [TRACE] (main) hiisi::platform::window: [hiisi/src/platform/window.rs:24] Running WindowSystem
03:37:56 [TRACE] (main) hiisi::platform::events: [hiisi/src/platform/events.rs:30] Running PlatformEventSystem
03:37:56 [TRACE] (main) hiisi::renderer::systems: [hiisi/src/renderer/systems.rs:74] Running SpriteSystem
03:37:56 [TRACE] (main) hiisi::renderer::systems: [hiisi/src/renderer/systems.rs:33] Running RenderSystem
03:37:56 [TRACE] (main) hiisi::platform::systems: [hiisi/src/platform/systems.rs:67] Bottom of loop
03:37:56 [TRACE] (main) hiisi::platform::systems: [hiisi/src/platform/systems.rs:60] Top of loop
03:37:56 [TRACE] hiisi_game::systems: [hiisi_game/src/systems.rs:20] Running FollowMouse
03:37:56 [TRACE] hiisi_game::systems: [hiisi_game/src/systems.rs:37] Running Repelled
03:37:56 [TRACE] hiisi::game::systems: [hiisi/src/game/systems.rs:17] Running UpdatePosition
03:37:56 [TRACE] (main) hiisi::platform::systems: [hiisi/src/platform/systems.rs:40] 0.01955966
03:37:56 [TRACE] (main) hiisi::platform::window: [hiisi/src/platform/window.rs:24] Running WindowSystem
03:37:56 [TRACE] (main) hiisi::platform::events: [hiisi/src/platform/events.rs:30] Running PlatformEventSystem
03:37:56 [TRACE] (main) hiisi::renderer::systems: [hiisi/src/renderer/systems.rs:74] Running SpriteSystem
03:37:56 [TRACE] (main) hiisi::renderer::systems: [hiisi/src/renderer/systems.rs:33] Running RenderSystem
03:37:56 [TRACE] (main) hiisi::platform::systems: [hiisi/src/platform/systems.rs:67] Bottom of loop
03:37:56 [TRACE] (main) hiisi::platform::systems: [hiisi/src/platform/systems.rs:60] Top of loop
03:37:56 [TRACE] hiisi_game::systems: [hiisi_game/src/systems.rs:20] Running FollowMouse
03:37:56 [TRACE] hiisi_game::systems: [hiisi_game/src/systems.rs:37] Running Repelled
03:37:56 [TRACE] hiisi::game::systems: [hiisi/src/game/systems.rs:17] Running UpdatePosition
03:37:56 [TRACE] (main) hiisi::platform::systems: [hiisi/src/platform/systems.rs:40] 0.019085962
03:37:56 [TRACE] (main) hiisi::platform::window: [hiisi/src/platform/window.rs:24] Running WindowSystem
03:37:56 [TRACE] (main) hiisi::platform::events: [hiisi/src/platform/events.rs:30] Running PlatformEventSystem
03:37:56 [TRACE] (main) hiisi::renderer::systems: [hiisi/src/renderer/systems.rs:74] Running SpriteSystem
03:37:56 [TRACE] (main) hiisi::renderer::systems: [hiisi/src/renderer/systems.rs:33] Running RenderSystem
03:37:56 [TRACE] (main) hiisi::platform::systems: [hiisi/src/platform/systems.rs:67] Bottom of loop
03:37:56 [TRACE] (main) hiisi::platform::systems: [hiisi/src/platform/systems.rs:60] Top of loop
03:37:56 [TRACE] hiisi_game::systems: [hiisi_game/src/systems.rs:20] Running FollowMouse
03:37:56 [TRACE] hiisi_game::systems: [hiisi_game/src/systems.rs:37] Running Repelled
03:37:56 [TRACE] hiisi::game::systems: [hiisi/src/game/systems.rs:17] Running UpdatePosition
03:37:56 [TRACE] (main) hiisi::platform::systems: [hiisi/src/platform/systems.rs:40] 0.018869027
03:37:56 [TRACE] (main) hiisi::platform::window: [hiisi/src/platform/window.rs:24] Running WindowSystem
03:37:56 [TRACE] (main) hiisi::platform::events: [hiisi/src/platform/events.rs:30] Running PlatformEventSystem
03:37:56 [TRACE] (main) hiisi::renderer::systems: [hiisi/src/renderer/systems.rs:74] Running SpriteSystem
03:37:56 [TRACE] (main) hiisi::renderer::systems: [hiisi/src/renderer/systems.rs:33] Running RenderSystem
03:37:56 [TRACE] (main) hiisi::platform::systems: [hiisi/src/platform/systems.rs:67] Bottom of loop
03:37:56 [TRACE] (main) hiisi::platform::systems: [hiisi/src/platform/systems.rs:60] Top of loop
03:37:56 [TRACE] hiisi_game::systems: [hiisi_game/src/systems.rs:20] Running FollowMouse
03:37:56 [TRACE] hiisi_game::systems: [hiisi_game/src/systems.rs:37] Running Repelled
03:37:56 [TRACE] hiisi::game::systems: [hiisi/src/game/systems.rs:17] Running UpdatePosition
03:37:56 [TRACE] (main) hiisi::platform::systems: [hiisi/src/platform/systems.rs:40] 0.019708255
03:37:56 [TRACE] (main) hiisi::platform::window: [hiisi/src/platform/window.rs:24] Running WindowSystem
03:37:56 [TRACE] (main) hiisi::platform::events: [hiisi/src/platform/events.rs:30] Running PlatformEventSystem
03:37:56 [TRACE] (main) hiisi::renderer::systems: [hiisi/src/renderer/systems.rs:74] Running SpriteSystem
03:37:56 [TRACE] (main) hiisi::renderer::systems: [hiisi/src/renderer/systems.rs:33] Running RenderSystem
03:37:56 [TRACE] (main) hiisi::platform::systems: [hiisi/src/platform/systems.rs:67] Bottom of loop
03:37:56 [TRACE] (main) hiisi::platform::systems: [hiisi/src/platform/systems.rs:60] Top of loop
03:37:56 [TRACE] hiisi_game::systems: [hiisi_game/src/systems.rs:20] Running FollowMouse
03:37:56 [TRACE] hiisi_game::systems: [hiisi_game/src/systems.rs:37] Running Repelled
03:37:56 [TRACE] hiisi::game::systems: [hiisi/src/game/systems.rs:17] Running UpdatePosition
03:37:56 [TRACE] (main) hiisi::platform::systems: [hiisi/src/platform/systems.rs:40] 0.020580597
03:37:56 [TRACE] (main) hiisi::platform::window: [hiisi/src/platform/window.rs:24] Running WindowSystem
03:37:56 [TRACE] (main) hiisi::platform::events: [hiisi/src/platform/events.rs:30] Running PlatformEventSystem
03:37:56 [TRACE] (main) hiisi::renderer::systems: [hiisi/src/renderer/systems.rs:74] Running SpriteSystem
03:37:56 [TRACE] (main) hiisi::renderer::systems: [hiisi/src/renderer/systems.rs:33] Running RenderSystem
