Performing C SOURCE FILE Test CMAKE_HAVE_LIBC_PTHREAD failed with the following output:
Change Dir: /x/koodi/rustyray/hiisi/target/debug/build/glfw-sys-2941a797756d3a46/out/build/CMakeFiles/CMakeTmp

Run Build Command(s):/usr/bin/gmake cmTC_ca834/fast && /usr/bin/gmake -f CMakeFiles/cmTC_ca834.dir/build.make CMakeFiles/cmTC_ca834.dir/build
gmake[1]: Entering directory '/x/koodi/rustyray/hiisi/target/debug/build/glfw-sys-2941a797756d3a46/out/build/CMakeFiles/CMakeTmp'
Building C object CMakeFiles/cmTC_ca834.dir/src.c.o
/usr/bin/cc   -ffunction-sections -fdata-sections -fPIC -m64 -DCMAKE_HAVE_LIBC_PTHREAD   -o CMakeFiles/cmTC_ca834.dir/src.c.o   -c /x/koodi/rustyray/hiisi/target/debug/build/glfw-sys-2941a797756d3a46/out/build/CMakeFiles/CMakeTmp/src.c
Linking C executable cmTC_ca834
/usr/bin/cmake -E cmake_link_script CMakeFiles/cmTC_ca834.dir/link.txt --verbose=1
/usr/bin/cc  -ffunction-sections -fdata-sections -fPIC -m64 -DCMAKE_HAVE_LIBC_PTHREAD    -rdynamic CMakeFiles/cmTC_ca834.dir/src.c.o  -o cmTC_ca834 
/usr/lib64/gcc/x86_64-suse-linux/7/../../../../x86_64-suse-linux/bin/ld: CMakeFiles/cmTC_ca834.dir/src.c.o: in function `main':
src.c:(.text.main+0x21): undefined reference to `pthread_create'
/usr/lib64/gcc/x86_64-suse-linux/7/../../../../x86_64-suse-linux/bin/ld: src.c:(.text.main+0x2d): undefined reference to `pthread_detach'
/usr/lib64/gcc/x86_64-suse-linux/7/../../../../x86_64-suse-linux/bin/ld: src.c:(.text.main+0x39): undefined reference to `pthread_cancel'
/usr/lib64/gcc/x86_64-suse-linux/7/../../../../x86_64-suse-linux/bin/ld: src.c:(.text.main+0x4a): undefined reference to `pthread_join'
collect2: error: ld returned 1 exit status
gmake[1]: *** [CMakeFiles/cmTC_ca834.dir/build.make:104: cmTC_ca834] Error 1
gmake[1]: Leaving directory '/x/koodi/rustyray/hiisi/target/debug/build/glfw-sys-2941a797756d3a46/out/build/CMakeFiles/CMakeTmp'
gmake: *** [Makefile:138: cmTC_ca834/fast] Error 2


Source file was:
#include <pthread.h>

void* test_func(void* data)
{
  return data;
}

int main(void)
{
  pthread_t thread;
  pthread_create(&thread, NULL, test_func, NULL);
  pthread_detach(thread);
  pthread_cancel(thread);
  pthread_join(thread, NULL);
  pthread_atfork(NULL, NULL, NULL);
  pthread_exit(NULL);

  return 0;
}

Determining if the function pthread_create exists in the pthreads failed with the following output:
Change Dir: /x/koodi/rustyray/hiisi/target/debug/build/glfw-sys-2941a797756d3a46/out/build/CMakeFiles/CMakeTmp

Run Build Command(s):/usr/bin/gmake cmTC_1a431/fast && /usr/bin/gmake -f CMakeFiles/cmTC_1a431.dir/build.make CMakeFiles/cmTC_1a431.dir/build
gmake[1]: Entering directory '/x/koodi/rustyray/hiisi/target/debug/build/glfw-sys-2941a797756d3a46/out/build/CMakeFiles/CMakeTmp'
Building C object CMakeFiles/cmTC_1a431.dir/CheckFunctionExists.c.o
/usr/bin/cc   -ffunction-sections -fdata-sections -fPIC -m64 -DCHECK_FUNCTION_EXISTS=pthread_create   -o CMakeFiles/cmTC_1a431.dir/CheckFunctionExists.c.o   -c /usr/share/cmake/Modules/CheckFunctionExists.c
Linking C executable cmTC_1a431
/usr/bin/cmake -E cmake_link_script CMakeFiles/cmTC_1a431.dir/link.txt --verbose=1
/usr/bin/cc  -ffunction-sections -fdata-sections -fPIC -m64 -DCHECK_FUNCTION_EXISTS=pthread_create    -rdynamic CMakeFiles/cmTC_1a431.dir/CheckFunctionExists.c.o  -o cmTC_1a431  -lpthreads 
/usr/lib64/gcc/x86_64-suse-linux/7/../../../../x86_64-suse-linux/bin/ld: cannot find -lpthreads
collect2: error: ld returned 1 exit status
gmake[1]: *** [CMakeFiles/cmTC_1a431.dir/build.make:104: cmTC_1a431] Error 1
gmake[1]: Leaving directory '/x/koodi/rustyray/hiisi/target/debug/build/glfw-sys-2941a797756d3a46/out/build/CMakeFiles/CMakeTmp'
gmake: *** [Makefile:138: cmTC_1a431/fast] Error 2



